<?xml version="1.0" encoding="UTF-8"?>
<testsuites name="Mocha Tests" time="15.106" tests="14" failures="1">
  <testsuite name="Root Suite" timestamp="2020-10-27T14:49:04" tests="0" file="cypress/integration/examples/actions.spec.js" failures="0" time="0">
  </testsuite>
  <testsuite name="Actions" timestamp="2020-10-27T14:49:04" tests="14" failures="1" time="15.106">
    <testcase name="Actions .type() - type into a DOM element" time="4.639" classname=".type() - type into a DOM element">
      <failure message="Timed out retrying: Expected to find element: `.action-email.v`, but never found it." type="AssertionError"><![CDATA[AssertionError: Timed out retrying: Expected to find element: `.action-email.v`, but never found it.
    at Context.eval (https://example.cypress.io/__cypress/tests?p=cypress/integration/examples/actions.spec.js:107:8)]]></failure>
    </testcase>
    <testcase name="Actions .focus() - focus on a DOM element" time="0.252" classname=".focus() - focus on a DOM element">
    </testcase>
    <testcase name="Actions .blur() - blur off a DOM element" time="0.545" classname=".blur() - blur off a DOM element">
    </testcase>
    <testcase name="Actions .clear() - clears an input or textarea element" time="0.666" classname=".clear() - clears an input or textarea element">
    </testcase>
    <testcase name="Actions .submit() - submit a form" time="0.488" classname=".submit() - submit a form">
    </testcase>
    <testcase name="Actions .click() - click on a DOM element" time="2.151" classname=".click() - click on a DOM element">
    </testcase>
    <testcase name="Actions .dblclick() - double click on a DOM element" time="0.41" classname=".dblclick() - double click on a DOM element">
    </testcase>
    <testcase name="Actions .rightclick() - right click on a DOM element" time="0.297" classname=".rightclick() - right click on a DOM element">
    </testcase>
    <testcase name="Actions .check() - check a checkbox or radio element" time="0.937" classname=".check() - check a checkbox or radio element">
    </testcase>
    <testcase name="Actions .uncheck() - uncheck a checkbox element" time="1.012" classname=".uncheck() - uncheck a checkbox element">
    </testcase>
    <testcase name="Actions .select() - select an option in a &lt;select&gt; element" time="0.979" classname=".select() - select an option in a &lt;select&gt; element">
    </testcase>
    <testcase name="Actions .scrollIntoView() - scroll an element into view" time="0.3" classname=".scrollIntoView() - scroll an element into view">
    </testcase>
    <testcase name="Actions .trigger() - trigger an event on a DOM element" time="0.227" classname=".trigger() - trigger an event on a DOM element">
    </testcase>
    <testcase name="Actions cy.scrollTo() - scroll the window or element to a position" time="2.203" classname="cy.scrollTo() - scroll the window or element to a position">
    </testcase>
  </testsuite>
</testsuites>