<?xml version="1.0" encoding="UTF-8"?>
<testsuites name="Mocha Tests" time="14.713999999999999" tests="14" failures="1">
  <testsuite name="Root Suite" timestamp="2020-10-27T10:58:34" tests="0" file="cypress/integration/examples/actions.spec.js" failures="0" time="0">
  </testsuite>
  <testsuite name="Actions" timestamp="2020-10-27T10:58:34" tests="14" failures="1" time="14.713999999999999">
    <testcase name="Actions .type() - type into a DOM element" time="4.523" classname=".type() - type into a DOM element">
      <failure message="Timed out retrying: Expected to find element: `.action-email.v`, but never found it." type="AssertionError"><![CDATA[AssertionError: Timed out retrying: Expected to find element: `.action-email.v`, but never found it.
    at Context.eval (https://example.cypress.io/__cypress/tests?p=cypress/integration/examples/actions.spec.js:107:8)]]></failure>
    </testcase>
    <testcase name="Actions .focus() - focus on a DOM element" time="0.296" classname=".focus() - focus on a DOM element">
    </testcase>
    <testcase name="Actions .blur() - blur off a DOM element" time="0.518" classname=".blur() - blur off a DOM element">
    </testcase>
    <testcase name="Actions .clear() - clears an input or textarea element" time="0.624" classname=".clear() - clears an input or textarea element">
    </testcase>
    <testcase name="Actions .submit() - submit a form" time="0.456" classname=".submit() - submit a form">
    </testcase>
    <testcase name="Actions .click() - click on a DOM element" time="2.106" classname=".click() - click on a DOM element">
    </testcase>
    <testcase name="Actions .dblclick() - double click on a DOM element" time="0.378" classname=".dblclick() - double click on a DOM element">
    </testcase>
    <testcase name="Actions .rightclick() - right click on a DOM element" time="0.277" classname=".rightclick() - right click on a DOM element">
    </testcase>
    <testcase name="Actions .check() - check a checkbox or radio element" time="0.926" classname=".check() - check a checkbox or radio element">
    </testcase>
    <testcase name="Actions .uncheck() - uncheck a checkbox element" time="1.01" classname=".uncheck() - uncheck a checkbox element">
    </testcase>
    <testcase name="Actions .select() - select an option in a &lt;select&gt; element" time="0.963" classname=".select() - select an option in a &lt;select&gt; element">
    </testcase>
    <testcase name="Actions .scrollIntoView() - scroll an element into view" time="0.247" classname=".scrollIntoView() - scroll an element into view">
    </testcase>
    <testcase name="Actions .trigger() - trigger an event on a DOM element" time="0.202" classname=".trigger() - trigger an event on a DOM element">
    </testcase>
    <testcase name="Actions cy.scrollTo() - scroll the window or element to a position" time="2.188" classname="cy.scrollTo() - scroll the window or element to a position">
    </testcase>
  </testsuite>
</testsuites>